  Card.cpp
C:\Users\mgold\Documents\csce4210-5250-group2\My Game\Player.h(10,23): warning C4584: 'Player': base-class 'CCommon' is already a base-class of 'CObject'
C:\Users\mgold\Documents\csce4210-5250-group2\My Game\Common.h(24): message : see declaration of 'CCommon'
C:\Users\mgold\Documents\csce4210-5250-group2\My Game\Object.h(22): message : see declaration of 'CObject'
C:\Users\mgold\Documents\csce4210-5250-group2\My Game\Card.cpp(259,41): warning C4305: 'argument': truncation from 'double' to 'float'
C:\Users\mgold\Documents\csce4210-5250-group2\My Game\Card.cpp(265,41): warning C4305: 'argument': truncation from 'double' to 'float'
C:\Users\mgold\Documents\csce4210-5250-group2\My Game\Card.cpp(271,41): warning C4305: 'argument': truncation from 'double' to 'float'
C:\Users\mgold\Documents\csce4210-5250-group2\My Game\Card.cpp(330,41): warning C4305: 'argument': truncation from 'double' to 'float'
  Common.cpp
  Enemy.cpp
C:\Users\mgold\Documents\csce4210-5250-group2\My Game\Enemy.cpp(81,53): warning C4244: 'argument': conversion from 'double' to 'float', possible loss of data
C:\Users\mgold\Documents\csce4210-5250-group2\My Game\Enemy.cpp(81,99): warning C4244: 'argument': conversion from 'double' to 'float', possible loss of data
C:\Users\mgold\Documents\csce4210-5250-group2\My Game\Enemy.cpp(85,53): warning C4244: 'argument': conversion from 'double' to 'float', possible loss of data
C:\Users\mgold\Documents\csce4210-5250-group2\My Game\Enemy.cpp(85,92): warning C4244: 'argument': conversion from 'double' to 'float', possible loss of data
C:\Users\mgold\Documents\csce4210-5250-group2\My Game\Enemy.cpp(89,53): warning C4244: 'argument': conversion from 'double' to 'float', possible loss of data
C:\Users\mgold\Documents\csce4210-5250-group2\My Game\Enemy.cpp(89,106): warning C4244: 'argument': conversion from 'double' to 'float', possible loss of data
  Game.cpp
C:\Users\mgold\Documents\csce4210-5250-group2\My Game\NodeObject.h(6,27): warning C4584: 'NodeObject': base-class 'CCommon' is already a base-class of 'CObject'
C:\Users\mgold\Documents\csce4210-5250-group2\My Game\Common.h(24): message : see declaration of 'CCommon'
C:\Users\mgold\Documents\csce4210-5250-group2\My Game\Object.h(22): message : see declaration of 'CObject'
C:\Users\mgold\Documents\csce4210-5250-group2\My Game\Player.h(10,23): warning C4584: 'Player': base-class 'CCommon' is already a base-class of 'CObject'
C:\Users\mgold\Documents\csce4210-5250-group2\My Game\Common.h(24): message : see declaration of 'CCommon'
C:\Users\mgold\Documents\csce4210-5250-group2\My Game\Object.h(22): message : see declaration of 'CObject'
C:\Users\mgold\Documents\csce4210-5250-group2\My Game\Game.cpp(171,81): warning C4244: 'argument': conversion from 'int' to 'float', possible loss of data
C:\Users\mgold\Documents\csce4210-5250-group2\My Game\Game.cpp(171,43): warning C4244: 'argument': conversion from 'int' to 'float', possible loss of data
C:\Users\mgold\Documents\csce4210-5250-group2\My Game\Game.cpp(212,43): warning C4267: 'initializing': conversion from 'size_t' to 'int', possible loss of data
C:\Users\mgold\Documents\csce4210-5250-group2\My Game\Game.cpp(213,47): warning C4267: 'initializing': conversion from 'size_t' to 'int', possible loss of data
C:\Users\mgold\Documents\csce4210-5250-group2\My Game\Game.cpp(406,53): warning C4267: 'argument': conversion from 'size_t' to 'unsigned int', possible loss of data
C:\Users\mgold\Documents\csce4210-5250-group2\My Game\Game.cpp(407,66): warning C4267: 'argument': conversion from 'size_t' to 'unsigned int', possible loss of data
C:\Users\mgold\Documents\csce4210-5250-group2\My Game\Game.cpp(448,82): warning C4244: 'argument': conversion from 'int' to 'float', possible loss of data
C:\Users\mgold\Documents\csce4210-5250-group2\My Game\Game.cpp(448,60): warning C4244: 'argument': conversion from 'int' to 'float', possible loss of data
C:\Users\mgold\Documents\csce4210-5250-group2\My Game\Game.cpp(456,61): warning C4244: 'argument': conversion from 'LONG' to 'float', possible loss of data
C:\Users\mgold\Documents\csce4210-5250-group2\My Game\Game.cpp(456,44): warning C4244: 'argument': conversion from 'LONG' to 'float', possible loss of data
C:\Users\mgold\Documents\csce4210-5250-group2\My Game\Game.cpp(550,73): warning C4267: 'argument': conversion from 'size_t' to 'int', possible loss of data
C:\Users\mgold\Documents\csce4210-5250-group2\My Game\Game.cpp(703,61): warning C4244: 'argument': conversion from 'LONG' to 'float', possible loss of data
C:\Users\mgold\Documents\csce4210-5250-group2\My Game\Game.cpp(703,44): warning C4244: 'argument': conversion from 'LONG' to 'float', possible loss of data
C:\Users\mgold\Documents\csce4210-5250-group2\My Game\Game.cpp(712,51): warning C4244: 'initializing': conversion from 'double' to 'float', possible loss of data
C:\Users\mgold\Documents\csce4210-5250-group2\My Game\Game.cpp(712,46): warning C4244: 'initializing': conversion from 'double' to 'const float', possible loss of data
C:\Users\mgold\Documents\csce4210-5250-group2\My Game\Game.cpp(776,76): warning C4244: 'argument': conversion from 'int' to 'float', possible loss of data
C:\Users\mgold\Documents\csce4210-5250-group2\My Game\Game.cpp(776,54): warning C4244: 'argument': conversion from 'int' to 'float', possible loss of data
C:\Users\mgold\Documents\csce4210-5250-group2\My Game\Game.cpp(784,61): warning C4244: 'argument': conversion from 'LONG' to 'float', possible loss of data
C:\Users\mgold\Documents\csce4210-5250-group2\My Game\Game.cpp(784,44): warning C4244: 'argument': conversion from 'LONG' to 'float', possible loss of data
C:\Users\mgold\Documents\csce4210-5250-group2\My Game\Game.cpp(864,89): warning C4244: 'argument': conversion from 'int' to 'float', possible loss of data
C:\Users\mgold\Documents\csce4210-5250-group2\My Game\Game.cpp(864,71): warning C4244: 'argument': conversion from 'int' to 'float', possible loss of data
C:\Users\mgold\Documents\csce4210-5250-group2\My Game\Game.cpp(866,90): warning C4244: 'argument': conversion from 'int' to 'float', possible loss of data
C:\Users\mgold\Documents\csce4210-5250-group2\My Game\Game.cpp(866,72): warning C4244: 'argument': conversion from 'int' to 'float', possible loss of data
C:\Users\mgold\Documents\csce4210-5250-group2\My Game\Game.cpp(868,93): warning C4244: 'argument': conversion from 'int' to 'float', possible loss of data
C:\Users\mgold\Documents\csce4210-5250-group2\My Game\Game.cpp(868,71): warning C4244: 'argument': conversion from 'int' to 'float', possible loss of data
C:\Users\mgold\Documents\csce4210-5250-group2\My Game\Game.cpp(874,87): warning C4244: 'argument': conversion from 'int' to 'float', possible loss of data
C:\Users\mgold\Documents\csce4210-5250-group2\My Game\Game.cpp(874,69): warning C4244: 'argument': conversion from 'int' to 'float', possible loss of data
C:\Users\mgold\Documents\csce4210-5250-group2\My Game\Game.cpp(886,84): warning C4244: 'argument': conversion from 'int' to 'float', possible loss of data
C:\Users\mgold\Documents\csce4210-5250-group2\My Game\Game.cpp(886,66): warning C4244: 'argument': conversion from 'int' to 'float', possible loss of data
C:\Users\mgold\Documents\csce4210-5250-group2\My Game\Game.cpp(906,88): warning C4244: 'argument': conversion from 'int' to 'float', possible loss of data
C:\Users\mgold\Documents\csce4210-5250-group2\My Game\Game.cpp(906,70): warning C4244: 'argument': conversion from 'int' to 'float', possible loss of data
C:\Users\mgold\Documents\csce4210-5250-group2\My Game\Game.cpp(907,88): warning C4244: 'argument': conversion from 'int' to 'float', possible loss of data
C:\Users\mgold\Documents\csce4210-5250-group2\My Game\Game.cpp(907,66): warning C4244: 'argument': conversion from 'int' to 'float', possible loss of data
C:\Users\mgold\Documents\csce4210-5250-group2\My Game\Game.cpp(911,88): warning C4244: 'argument': conversion from 'int' to 'float', possible loss of data
C:\Users\mgold\Documents\csce4210-5250-group2\My Game\Game.cpp(911,70): warning C4244: 'argument': conversion from 'int' to 'float', possible loss of data
C:\Users\mgold\Documents\csce4210-5250-group2\My Game\Game.cpp(915,89): warning C4244: 'argument': conversion from 'int' to 'float', possible loss of data
C:\Users\mgold\Documents\csce4210-5250-group2\My Game\Game.cpp(915,71): warning C4244: 'argument': conversion from 'int' to 'float', possible loss of data
C:\Users\mgold\Documents\csce4210-5250-group2\My Game\Game.cpp(919,88): warning C4244: 'argument': conversion from 'int' to 'float', possible loss of data
C:\Users\mgold\Documents\csce4210-5250-group2\My Game\Game.cpp(919,70): warning C4244: 'argument': conversion from 'int' to 'float', possible loss of data
C:\Users\mgold\Documents\csce4210-5250-group2\My Game\Game.cpp(1439,55): warning C4244: 'argument': conversion from 'LONG' to 'float', possible loss of data
C:\Users\mgold\Documents\csce4210-5250-group2\My Game\Game.cpp(1439,38): warning C4244: 'argument': conversion from 'LONG' to 'float', possible loss of data
  Main.cpp
C:\Users\mgold\Documents\csce4210-5250-group2\My Game\NodeObject.h(6,27): warning C4584: 'NodeObject': base-class 'CCommon' is already a base-class of 'CObject'
C:\Users\mgold\Documents\csce4210-5250-group2\My Game\Common.h(24): message : see declaration of 'CCommon'
C:\Users\mgold\Documents\csce4210-5250-group2\My Game\Object.h(22): message : see declaration of 'CObject'
C:\Users\mgold\Documents\csce4210-5250-group2\My Game\Player.h(10,23): warning C4584: 'Player': base-class 'CCommon' is already a base-class of 'CObject'
C:\Users\mgold\Documents\csce4210-5250-group2\My Game\Common.h(24): message : see declaration of 'CCommon'
C:\Users\mgold\Documents\csce4210-5250-group2\My Game\Object.h(22): message : see declaration of 'CObject'
  NodeObject.cpp
C:\Users\mgold\Documents\csce4210-5250-group2\My Game\NodeObject.h(6,27): warning C4584: 'NodeObject': base-class 'CCommon' is already a base-class of 'CObject'
C:\Users\mgold\Documents\csce4210-5250-group2\My Game\Common.h(24): message : see declaration of 'CCommon'
C:\Users\mgold\Documents\csce4210-5250-group2\My Game\Object.h(22): message : see declaration of 'CObject'
  Object.cpp
  ObjectManager.cpp
C:\Users\mgold\Documents\csce4210-5250-group2\My Game\NodeObject.h(6,27): warning C4584: 'NodeObject': base-class 'CCommon' is already a base-class of 'CObject'
C:\Users\mgold\Documents\csce4210-5250-group2\My Game\Common.h(24): message : see declaration of 'CCommon'
C:\Users\mgold\Documents\csce4210-5250-group2\My Game\Object.h(22): message : see declaration of 'CObject'
C:\Users\mgold\Documents\csce4210-5250-group2\My Game\Player.h(10,23): warning C4584: 'Player': base-class 'CCommon' is already a base-class of 'CObject'
C:\Users\mgold\Documents\csce4210-5250-group2\My Game\Common.h(24): message : see declaration of 'CCommon'
C:\Users\mgold\Documents\csce4210-5250-group2\My Game\Object.h(22): message : see declaration of 'CObject'
C:\Users\mgold\Documents\csce4210-5250-group2\My Game\ObjectManager.cpp(22,44): warning C4244: 'argument': conversion from 'int' to 'float', possible loss of data
C:\Users\mgold\Documents\csce4210-5250-group2\My Game\ObjectManager.cpp(32,31): warning C4244: 'argument': conversion from 'int' to 'float', possible loss of data
C:\Users\mgold\Documents\csce4210-5250-group2\My Game\ObjectManager.cpp(58,36): warning C4267: 'initializing': conversion from 'size_t' to 'int', possible loss of data
C:\Users\mgold\Documents\csce4210-5250-group2\My Game\ObjectManager.cpp(92,36): warning C4267: 'initializing': conversion from 'size_t' to 'int', possible loss of data
  Player.cpp
C:\Users\mgold\Documents\csce4210-5250-group2\My Game\Player.h(10,23): warning C4584: 'Player': base-class 'CCommon' is already a base-class of 'CObject'
C:\Users\mgold\Documents\csce4210-5250-group2\My Game\Common.h(24): message : see declaration of 'CCommon'
C:\Users\mgold\Documents\csce4210-5250-group2\My Game\Object.h(22): message : see declaration of 'CObject'
C:\Users\mgold\Documents\csce4210-5250-group2\My Game\Player.cpp(9,16): warning C4305: '=': truncation from 'double' to 'float'
C:\Users\mgold\Documents\csce4210-5250-group2\My Game\Player.cpp(10,16): warning C4305: '=': truncation from 'double' to 'float'
C:\Users\mgold\Documents\csce4210-5250-group2\My Game\Player.cpp(150,47): warning C4305: 'argument': truncation from 'double' to 'float'
  Generating code
  Not all modules are compiled with -Gy (function comdat), build without incremental LTCG.
  Finished generating code
  My Game.vcxproj -> C:\Users\mgold\Documents\csce4210-5250-group2\x64\Release\Game.exe
